-------------------------------------------------------------------------------
Test set: MtsTests
-------------------------------------------------------------------------------
Tests run: 8, Failures: 0, Errors: 8, Skipped: 0, Time elapsed: 0.044 s <<< FAILURE! -- in MtsTests
MtsTests.paymentSystemMasterCard -- Time elapsed: 0.015 s <<< ERROR!
java.lang.NullPointerException
	at MtsTests.paymentSystemMasterCard(MtsTests.java:32)
	at java.base/java.lang.reflect.Method.invoke(Method.java:566)
	at java.base/java.util.ArrayList.forEach(ArrayList.java:1541)
	at java.base/java.util.ArrayList.forEach(ArrayList.java:1541)

MtsTests.paymentSystemVisa -- Time elapsed: 0.002 s <<< ERROR!
java.lang.NullPointerException
	at MtsTests.paymentSystemVisa(MtsTests.java:22)
	at java.base/java.lang.reflect.Method.invoke(Method.java:566)
	at java.base/java.util.ArrayList.forEach(ArrayList.java:1541)
	at java.base/java.util.ArrayList.forEach(ArrayList.java:1541)

MtsTests.testServiceContinueButton -- Time elapsed: 0.002 s <<< ERROR!
java.lang.NullPointerException
	at MtsTests.testServiceContinueButton(MtsTests.java:53)
	at java.base/java.lang.reflect.Method.invoke(Method.java:566)
	at java.base/java.util.ArrayList.forEach(ArrayList.java:1541)
	at java.base/java.util.ArrayList.forEach(ArrayList.java:1541)

MtsTests.paymentSystemBelkart -- Time elapsed: 0.001 s <<< ERROR!
java.lang.NullPointerException
	at MtsTests.paymentSystemBelkart(MtsTests.java:42)
	at java.base/java.lang.reflect.Method.invoke(Method.java:566)
	at java.base/java.util.ArrayList.forEach(ArrayList.java:1541)
	at java.base/java.util.ArrayList.forEach(ArrayList.java:1541)

MtsTests.moreInfoLink -- Time elapsed: 0.001 s <<< ERROR!
java.lang.NullPointerException
	at MtsTests.moreInfoLink(MtsTests.java:47)
	at java.base/java.lang.reflect.Method.invoke(Method.java:566)
	at java.base/java.util.ArrayList.forEach(ArrayList.java:1541)
	at java.base/java.util.ArrayList.forEach(ArrayList.java:1541)

MtsTests.paymentSystemMasterCardSecureCode -- Time elapsed: 0.001 s <<< ERROR!
java.lang.NullPointerException
	at MtsTests.paymentSystemMasterCardSecureCode(MtsTests.java:37)
	at java.base/java.lang.reflect.Method.invoke(Method.java:566)
	at java.base/java.util.ArrayList.forEach(ArrayList.java:1541)
	at java.base/java.util.ArrayList.forEach(ArrayList.java:1541)

MtsTests.blockTitle -- Time elapsed: 0.001 s <<< ERROR!
java.lang.NullPointerException
	at MtsTests.blockTitle(MtsTests.java:17)
	at java.base/java.lang.reflect.Method.invoke(Method.java:566)
	at java.base/java.util.ArrayList.forEach(ArrayList.java:1541)
	at java.base/java.util.ArrayList.forEach(ArrayList.java:1541)

MtsTests.paymentSystemVerifiedByVisa -- Time elapsed: 0.001 s <<< ERROR!
java.lang.NullPointerException
	at MtsTests.paymentSystemVerifiedByVisa(MtsTests.java:27)
	at java.base/java.lang.reflect.Method.invoke(Method.java:566)
	at java.base/java.util.ArrayList.forEach(ArrayList.java:1541)
	at java.base/java.util.ArrayList.forEach(ArrayList.java:1541)

