<?xml version="1.0" encoding="UTF-8"?>
<testsuite xmlns:xsi="http://www.w3.org/2001/XMLSchema-instance" xsi:noNamespaceSchemaLocation="https://maven.apache.org/surefire/maven-surefire-plugin/xsd/surefire-test-report.xsd" version="3.0.2" name="tests.mts.main_tests.MainTests" time="43.619" tests="11" errors="0" skipped="0" failures="0">
  <properties>
[...]
</properties>
  <testcase name="checkPlaceholder(String[], String[])[1]" classname="tests.mts.main_tests.MainTests" time="1.945"/>
  <testcase name="checkPlaceholder(String[], String[])[2]" classname="tests.mts.main_tests.MainTests" time="1.966"/>
  <testcase name="checkPlaceholder(String[], String[])[3]" classname="tests.mts.main_tests.MainTests" time="1.946"/>
  <testcase name="checkPlaceholder(String[], String[])[4]" classname="tests.mts.main_tests.MainTests" time="2.113"/>
  <testcase name="testBlockTitle" classname="tests.mts.main_tests.MainTests" time="2.107"/>
  <testcase name="testPaymentSystemLogos(String)[1]" classname="tests.mts.main_tests.MainTests" time="2.325"/>
  <testcase name="testPaymentSystemLogos(String)[2]" classname="tests.mts.main_tests.MainTests" time="2.128"/>
  <testcase name="testPaymentSystemLogos(String)[3]" classname="tests.mts.main_tests.MainTests" time="2.067"/>
  <testcase name="testPaymentSystemLogos(String)[4]" classname="tests.mts.main_tests.MainTests" time="2.315"/>
  <testcase name="testPaymentSystemLogos(String)[5]" classname="tests.mts.main_tests.MainTests" time="1.953"/>
  <testcase name="testMoreInfoLink" classname="tests.mts.main_tests.MainTests" time="13.033">
    <system-out><![CDATA[Подтверждение cookies не потребовалось.
]]></system-out>
  </testcase>
</testsuite>