<?xml version="1.0" encoding="UTF-8"?>
<testsuite xmlns:xsi="http://www.w3.org/2001/XMLSchema-instance" xsi:noNamespaceSchemaLocation="https://maven.apache.org/surefire/maven-surefire-plugin/xsd/surefire-test-report-3.0.xsd" version="3.0" name="MtsTests" time="0.044" tests="8" errors="8" skipped="0" failures="0">
  <properties>
[...]
</properties>
  <testcase name="paymentSystemMasterCard" classname="MtsTests" time="0.015">
    <error type="java.lang.NullPointerException"><![CDATA[java.lang.NullPointerException
	at MtsTests.paymentSystemMasterCard(MtsTests.java:32)
	at java.base/java.lang.reflect.Method.invoke(Method.java:566)
	at java.base/java.util.ArrayList.forEach(ArrayList.java:1541)
	at java.base/java.util.ArrayList.forEach(ArrayList.java:1541)
]]></error>
  </testcase>
  <testcase name="paymentSystemVisa" classname="MtsTests" time="0.002">
    <error type="java.lang.NullPointerException"><![CDATA[java.lang.NullPointerException
	at MtsTests.paymentSystemVisa(MtsTests.java:22)
	at java.base/java.lang.reflect.Method.invoke(Method.java:566)
	at java.base/java.util.ArrayList.forEach(ArrayList.java:1541)
	at java.base/java.util.ArrayList.forEach(ArrayList.java:1541)
]]></error>
  </testcase>
  <testcase name="testServiceContinueButton" classname="MtsTests" time="0.002">
    <error type="java.lang.NullPointerException"><![CDATA[java.lang.NullPointerException
	at MtsTests.testServiceContinueButton(MtsTests.java:53)
	at java.base/java.lang.reflect.Method.invoke(Method.java:566)
	at java.base/java.util.ArrayList.forEach(ArrayList.java:1541)
	at java.base/java.util.ArrayList.forEach(ArrayList.java:1541)
]]></error>
  </testcase>
  <testcase name="paymentSystemBelkart" classname="MtsTests" time="0.001">
    <error type="java.lang.NullPointerException"><![CDATA[java.lang.NullPointerException
	at MtsTests.paymentSystemBelkart(MtsTests.java:42)
	at java.base/java.lang.reflect.Method.invoke(Method.java:566)
	at java.base/java.util.ArrayList.forEach(ArrayList.java:1541)
	at java.base/java.util.ArrayList.forEach(ArrayList.java:1541)
]]></error>
  </testcase>
  <testcase name="moreInfoLink" classname="MtsTests" time="0.001">
    <error type="java.lang.NullPointerException"><![CDATA[java.lang.NullPointerException
	at MtsTests.moreInfoLink(MtsTests.java:47)
	at java.base/java.lang.reflect.Method.invoke(Method.java:566)
	at java.base/java.util.ArrayList.forEach(ArrayList.java:1541)
	at java.base/java.util.ArrayList.forEach(ArrayList.java:1541)
]]></error>
  </testcase>
  <testcase name="paymentSystemMasterCardSecureCode" classname="MtsTests" time="0.001">
    <error type="java.lang.NullPointerException"><![CDATA[java.lang.NullPointerException
	at MtsTests.paymentSystemMasterCardSecureCode(MtsTests.java:37)
	at java.base/java.lang.reflect.Method.invoke(Method.java:566)
	at java.base/java.util.ArrayList.forEach(ArrayList.java:1541)
	at java.base/java.util.ArrayList.forEach(ArrayList.java:1541)
]]></error>
  </testcase>
  <testcase name="blockTitle" classname="MtsTests" time="0.001">
    <error type="java.lang.NullPointerException"><![CDATA[java.lang.NullPointerException
	at MtsTests.blockTitle(MtsTests.java:17)
	at java.base/java.lang.reflect.Method.invoke(Method.java:566)
	at java.base/java.util.ArrayList.forEach(ArrayList.java:1541)
	at java.base/java.util.ArrayList.forEach(ArrayList.java:1541)
]]></error>
  </testcase>
  <testcase name="paymentSystemVerifiedByVisa" classname="MtsTests" time="0.001">
    <error type="java.lang.NullPointerException"><![CDATA[java.lang.NullPointerException
	at MtsTests.paymentSystemVerifiedByVisa(MtsTests.java:27)
	at java.base/java.lang.reflect.Method.invoke(Method.java:566)
	at java.base/java.util.ArrayList.forEach(ArrayList.java:1541)
	at java.base/java.util.ArrayList.forEach(ArrayList.java:1541)
]]></error>
  </testcase>
</testsuite>